\BOOKMARK [0][-]{chapter*.1}{Versiegeschiedenis}{}% 1
\BOOKMARK [0][-]{chapter.1}{Inleiding}{}% 2
\BOOKMARK [1][-]{section.1.1}{Doel}{chapter.1}% 3
\BOOKMARK [1][-]{section.1.2}{Scope}{chapter.1}% 4
\BOOKMARK [0][-]{chapter.2}{Algemene beschrijving}{}% 5
\BOOKMARK [1][-]{section.2.1}{Gebruikers karakteristieken}{chapter.2}% 6
\BOOKMARK [1][-]{section.2.2}{Product perspectief}{chapter.2}% 7
\BOOKMARK [2][-]{subsection.2.2.1}{Software Interfaces}{section.2.2}% 8
\BOOKMARK [2][-]{subsection.2.2.2}{User interfaces}{section.2.2}% 9
\BOOKMARK [2][-]{subsection.2.2.3}{Hardware Interfaces}{section.2.2}% 10
\BOOKMARK [1][-]{section.2.3}{Product functies}{chapter.2}% 11
\BOOKMARK [2][-]{subsection.2.3.1}{Niet-aangemelde gebruiker}{section.2.3}% 12
\BOOKMARK [2][-]{subsection.2.3.2}{Aangemelde student}{section.2.3}% 13
\BOOKMARK [2][-]{subsection.2.3.3}{Aangemelde assistent}{section.2.3}% 14
\BOOKMARK [2][-]{subsection.2.3.4}{Aangemelde professor}{section.2.3}% 15
\BOOKMARK [2][-]{subsection.2.3.5}{Aangemelde programmabeheerder}{section.2.3}% 16
\BOOKMARK [2][-]{subsection.2.3.6}{Scheduler}{section.2.3}% 17
\BOOKMARK [0][-]{chapter.3}{Systeemvereisten}{}% 18
\BOOKMARK [1][-]{section.3.1}{Functionele vereisten}{chapter.3}% 19
\BOOKMARK [2][-]{subsection.3.1.1}{Niet-aangemelde gebruiker - FR1}{section.3.1}% 20
\BOOKMARK [2][-]{subsection.3.1.2}{Aangemelde student - FR2}{section.3.1}% 21
\BOOKMARK [2][-]{subsection.3.1.3}{Aangemelde assistent - FR3}{section.3.1}% 22
\BOOKMARK [2][-]{subsection.3.1.4}{Aangemelde professor - FR4}{section.3.1}% 23
\BOOKMARK [2][-]{subsection.3.1.5}{Aangemelde programmabeheerder - FR5}{section.3.1}% 24
\BOOKMARK [2][-]{subsection.3.1.6}{Scheduler - FR6}{section.3.1}% 25
